[0.336s] DEBUG:colcon:Command line arguments: ['/usr/bin/colcon', 'build']
[0.337s] DEBUG:colcon:Parsed command line arguments: Namespace(allow_overriding=[], ament_cmake_args=None, base_paths=['.'], build_base='build', catkin_cmake_args=None, catkin_skip_building_tests=False, cmake_args=None, cmake_clean_cache=False, cmake_clean_first=False, cmake_force_configure=False, cmake_target=None, cmake_target_skip_unavailable=False, continue_on_error=False, event_handlers=None, executor='parallel', ignore_user_meta=False, install_base='install', log_base=None, log_level=None, main=<bound method BuildVerb.main of <colcon_core.verb.build.BuildVerb object at 0xffff8a237580>>, merge_install=False, metas=['./colcon.meta'], packages_above=None, packages_above_and_dependencies=None, packages_above_depth=None, packages_end=None, packages_ignore=None, packages_ignore_regex=None, packages_select=None, packages_select_build_failed=False, packages_select_by_dep=None, packages_select_regex=None, packages_select_test_failures=False, packages_skip=None, packages_skip_build_finished=False, packages_skip_by_dep=None, packages_skip_regex=None, packages_skip_test_passed=False, packages_skip_up_to=None, packages_start=None, packages_up_to=None, packages_up_to_regex=None, parallel_workers=8, paths=None, symlink_install=False, test_result_base=None, verb_extension=<colcon_core.verb.build.BuildVerb object at 0xffff8a237580>, verb_name='build', verb_parser=<colcon_defaults.argument_parser.defaults.DefaultArgumentsDecorator object at 0xffff8a11b1c0>)
[0.596s] Level 1:colcon.colcon_core.package_discovery:discover_packages(colcon_meta) check parameters
[0.596s] Level 1:colcon.colcon_core.package_discovery:discover_packages(recursive) check parameters
[0.596s] Level 1:colcon.colcon_core.package_discovery:discover_packages(ignore) check parameters
[0.596s] Level 1:colcon.colcon_core.package_discovery:discover_packages(path) check parameters
[0.596s] Level 1:colcon.colcon_core.package_discovery:discover_packages(colcon_meta) discover
[0.596s] Level 1:colcon.colcon_core.package_discovery:discover_packages(recursive) discover
[0.596s] INFO:colcon.colcon_core.package_discovery:Crawling recursively for packages in '/home/unitree/go2_digital_twin'
[0.597s] Level 1:colcon.colcon_core.package_identification:_identify(.) by extensions ['ignore', 'ignore_ament_install']
[0.597s] Level 1:colcon.colcon_core.package_identification:_identify(.) by extension 'ignore'
[0.597s] Level 1:colcon.colcon_core.package_identification:_identify(.) by extension 'ignore_ament_install'
[0.597s] Level 1:colcon.colcon_core.package_identification:_identify(.) by extensions ['colcon_pkg']
[0.597s] Level 1:colcon.colcon_core.package_identification:_identify(.) by extension 'colcon_pkg'
[0.597s] Level 1:colcon.colcon_core.package_identification:_identify(.) by extensions ['colcon_meta']
[0.597s] Level 1:colcon.colcon_core.package_identification:_identify(.) by extension 'colcon_meta'
[0.598s] Level 1:colcon.colcon_core.package_identification:_identify(.) by extensions ['ros']
[0.598s] Level 1:colcon.colcon_core.package_identification:_identify(.) by extension 'ros'
[0.615s] Level 1:colcon.colcon_core.package_identification:_identify(.) by extensions ['cmake', 'python']
[0.615s] Level 1:colcon.colcon_core.package_identification:_identify(.) by extension 'cmake'
[0.616s] Level 1:colcon.colcon_core.package_identification:_identify(.) by extension 'python'
[0.616s] Level 1:colcon.colcon_core.package_identification:_identify(.) by extensions ['python_setup_py']
[0.616s] Level 1:colcon.colcon_core.package_identification:_identify(.) by extension 'python_setup_py'
[0.616s] Level 1:colcon.colcon_core.package_identification:_identify(build) by extensions ['ignore', 'ignore_ament_install']
[0.616s] Level 1:colcon.colcon_core.package_identification:_identify(build) by extension 'ignore'
[0.616s] Level 1:colcon.colcon_core.package_identification:_identify(build) ignored
[0.616s] Level 1:colcon.colcon_core.package_identification:_identify(install) by extensions ['ignore', 'ignore_ament_install']
[0.617s] Level 1:colcon.colcon_core.package_identification:_identify(install) by extension 'ignore'
[0.617s] Level 1:colcon.colcon_core.package_identification:_identify(install) ignored
[0.617s] Level 1:colcon.colcon_core.package_identification:_identify(log) by extensions ['ignore', 'ignore_ament_install']
[0.617s] Level 1:colcon.colcon_core.package_identification:_identify(log) by extension 'ignore'
[0.617s] Level 1:colcon.colcon_core.package_identification:_identify(log) ignored
[0.617s] Level 1:colcon.colcon_core.package_identification:_identify(src) by extensions ['ignore', 'ignore_ament_install']
[0.617s] Level 1:colcon.colcon_core.package_identification:_identify(src) by extension 'ignore'
[0.617s] Level 1:colcon.colcon_core.package_identification:_identify(src) by extension 'ignore_ament_install'
[0.617s] Level 1:colcon.colcon_core.package_identification:_identify(src) by extensions ['colcon_pkg']
[0.617s] Level 1:colcon.colcon_core.package_identification:_identify(src) by extension 'colcon_pkg'
[0.618s] Level 1:colcon.colcon_core.package_identification:_identify(src) by extensions ['colcon_meta']
[0.618s] Level 1:colcon.colcon_core.package_identification:_identify(src) by extension 'colcon_meta'
[0.618s] Level 1:colcon.colcon_core.package_identification:_identify(src) by extensions ['ros']
[0.618s] Level 1:colcon.colcon_core.package_identification:_identify(src) by extension 'ros'
[0.618s] Level 1:colcon.colcon_core.package_identification:_identify(src) by extensions ['cmake', 'python']
[0.618s] Level 1:colcon.colcon_core.package_identification:_identify(src) by extension 'cmake'
[0.618s] Level 1:colcon.colcon_core.package_identification:_identify(src) by extension 'python'
[0.618s] Level 1:colcon.colcon_core.package_identification:_identify(src) by extensions ['python_setup_py']
[0.618s] Level 1:colcon.colcon_core.package_identification:_identify(src) by extension 'python_setup_py'
[0.618s] Level 1:colcon.colcon_core.package_identification:_identify(src/go2) by extensions ['ignore', 'ignore_ament_install']
[0.618s] Level 1:colcon.colcon_core.package_identification:_identify(src/go2) by extension 'ignore'
[0.619s] Level 1:colcon.colcon_core.package_identification:_identify(src/go2) by extension 'ignore_ament_install'
[0.619s] Level 1:colcon.colcon_core.package_identification:_identify(src/go2) by extensions ['colcon_pkg']
[0.619s] Level 1:colcon.colcon_core.package_identification:_identify(src/go2) by extension 'colcon_pkg'
[0.619s] Level 1:colcon.colcon_core.package_identification:_identify(src/go2) by extensions ['colcon_meta']
[0.619s] Level 1:colcon.colcon_core.package_identification:_identify(src/go2) by extension 'colcon_meta'
[0.619s] Level 1:colcon.colcon_core.package_identification:_identify(src/go2) by extensions ['ros']
[0.619s] Level 1:colcon.colcon_core.package_identification:_identify(src/go2) by extension 'ros'
[0.621s] DEBUG:colcon.colcon_core.package_identification:Failed to parse potential ROS package manifest in'src/go2': Error(s) in package 'src/go2/package.xml':
The manifest contains invalid XML:
not well-formed (invalid token): line 6, column 21
[0.621s] Level 1:colcon.colcon_core.package_identification:_identify(src/go2) by extensions ['cmake', 'python']
[0.621s] Level 1:colcon.colcon_core.package_identification:_identify(src/go2) by extension 'cmake'
[0.621s] Level 1:colcon.colcon_core.package_identification:_identify(src/go2) by extension 'python'
[0.621s] DEBUG:colcon.colcon_core.package_identification:Python package in 'src/go2' passes arguments to the setup() function which requires a different identification extension than 'python'
[0.621s] Level 1:colcon.colcon_core.package_identification:_identify(src/go2) by extensions ['python_setup_py']
[0.621s] Level 1:colcon.colcon_core.package_identification:_identify(src/go2) by extension 'python_setup_py'
[1.005s] DEBUG:colcon.colcon_core.package_identification:Package 'src/go2' with type 'python' and name 'go2'
[1.005s] Level 1:colcon.colcon_core.package_discovery:discover_packages(recursive) using defaults
[1.005s] Level 1:colcon.colcon_core.package_discovery:discover_packages(ignore) discover
[1.006s] Level 1:colcon.colcon_core.package_discovery:discover_packages(ignore) using defaults
[1.006s] Level 1:colcon.colcon_core.package_discovery:discover_packages(path) discover
[1.006s] Level 1:colcon.colcon_core.package_discovery:discover_packages(path) using defaults
[1.033s] Level 1:colcon.colcon_core.package_discovery:discover_packages(prefix_path) check parameters
[1.033s] Level 1:colcon.colcon_core.package_discovery:discover_packages(prefix_path) discover
[1.035s] WARNING:colcon.colcon_ros.prefix_path.ament:The path '/home/unitree/go2_digital_twin/install/go2' in the environment variable AMENT_PREFIX_PATH doesn't exist
[1.036s] DEBUG:colcon.colcon_installed_package_information.package_discovery:Found 0 installed packages in /home/unitree/go2_digital_twin/install
[1.037s] DEBUG:colcon.colcon_installed_package_information.package_discovery:Found 1 installed packages in /home/unitree/test_ws/install
[1.038s] DEBUG:colcon.colcon_installed_package_information.package_discovery:Found 2 installed packages in /home/unitree/cyclonedds_ws/install
[1.038s] DEBUG:colcon.colcon_installed_package_information.package_discovery:Found 6 installed packages in /home/unitree/unitree_ros2/install
[1.041s] DEBUG:colcon.colcon_installed_package_information.package_discovery:Found 291 installed packages in /opt/ros/foxy
[1.072s] Level 1:colcon.colcon_core.package_discovery:discover_packages(prefix_path) using defaults
[1.168s] Level 5:colcon.colcon_core.verb:set package 'go2' build argument 'cmake_args' from command line to 'None'
[1.169s] Level 5:colcon.colcon_core.verb:set package 'go2' build argument 'cmake_target' from command line to 'None'
[1.169s] Level 5:colcon.colcon_core.verb:set package 'go2' build argument 'cmake_target_skip_unavailable' from command line to 'False'
[1.169s] Level 5:colcon.colcon_core.verb:set package 'go2' build argument 'cmake_clean_cache' from command line to 'False'
[1.169s] Level 5:colcon.colcon_core.verb:set package 'go2' build argument 'cmake_clean_first' from command line to 'False'
[1.169s] Level 5:colcon.colcon_core.verb:set package 'go2' build argument 'cmake_force_configure' from command line to 'False'
[1.169s] Level 5:colcon.colcon_core.verb:set package 'go2' build argument 'ament_cmake_args' from command line to 'None'
[1.169s] Level 5:colcon.colcon_core.verb:set package 'go2' build argument 'catkin_cmake_args' from command line to 'None'
[1.169s] Level 5:colcon.colcon_core.verb:set package 'go2' build argument 'catkin_skip_building_tests' from command line to 'False'
[1.169s] DEBUG:colcon.colcon_core.verb:Building package 'go2' with the following arguments: {'ament_cmake_args': None, 'build_base': '/home/unitree/go2_digital_twin/build/go2', 'catkin_cmake_args': None, 'catkin_skip_building_tests': False, 'cmake_args': None, 'cmake_clean_cache': False, 'cmake_clean_first': False, 'cmake_force_configure': False, 'cmake_target': None, 'cmake_target_skip_unavailable': False, 'install_base': '/home/unitree/go2_digital_twin/install/go2', 'merge_install': False, 'path': '/home/unitree/go2_digital_twin/src/go2', 'symlink_install': False, 'test_result_base': None}
[1.169s] INFO:colcon.colcon_core.executor:Executing jobs using 'parallel' executor
[1.172s] DEBUG:colcon.colcon_parallel_executor.executor.parallel:run_until_complete
[1.172s] INFO:colcon.colcon_core.task.python.build:Building Python package in '/home/unitree/go2_digital_twin/src/go2'
[1.175s] INFO:colcon.colcon_core.plugin_system:Skipping extension 'colcon_core.shell.bat': Not used on non-Windows systems
[1.176s] INFO:colcon.colcon_core.shell:Skip shell extension 'powershell' for command environment: Not usable outside of PowerShell
[1.176s] DEBUG:colcon.colcon_core.shell:Skip shell extension 'dsv' for command environment
[2.350s] DEBUG:colcon.colcon_core.event_handler.log_command:Invoking command in '/home/unitree/go2_digital_twin/src/go2': PYTHONPATH=/home/unitree/go2_digital_twin/build/go2/prefix_override:/usr/lib/python3/dist-packages/colcon_core/task/python/colcon_distutils_commands:/home/unitree/go2_digital_twin/install/go2/lib/python3.8/site-packages:${PYTHONPATH} /usr/bin/python3 -W ignore:setup.py install is deprecated -W ignore:easy_install command is deprecated setup.py egg_info --egg-base ../../build/go2 build --build-base /home/unitree/go2_digital_twin/build/go2/build install --record /home/unitree/go2_digital_twin/build/go2/install.log --install-scripts $base/lib/go2 --single-version-externally-managed install_data
[2.868s] DEBUG:colcon.colcon_core.event_handler.log_command:Invoked command in '/home/unitree/go2_digital_twin/src/go2' returned '0': PYTHONPATH=/home/unitree/go2_digital_twin/build/go2/prefix_override:/usr/lib/python3/dist-packages/colcon_core/task/python/colcon_distutils_commands:/home/unitree/go2_digital_twin/install/go2/lib/python3.8/site-packages:${PYTHONPATH} /usr/bin/python3 -W ignore:setup.py install is deprecated -W ignore:easy_install command is deprecated setup.py egg_info --egg-base ../../build/go2 build --build-base /home/unitree/go2_digital_twin/build/go2/build install --record /home/unitree/go2_digital_twin/build/go2/install.log --install-scripts $base/lib/go2 --single-version-externally-managed install_data
[2.877s] Level 1:colcon.colcon_core.environment:checking '/home/unitree/go2_digital_twin/install/go2' for CMake module files
[2.879s] Level 1:colcon.colcon_core.environment:checking '/home/unitree/go2_digital_twin/install/go2' for CMake config files
[2.882s] Level 1:colcon.colcon_core.environment:checking '/home/unitree/go2_digital_twin/install/go2/lib'
[2.883s] Level 1:colcon.colcon_core.environment:checking '/home/unitree/go2_digital_twin/install/go2/bin'
[2.883s] Level 1:colcon.colcon_core.environment:checking '/home/unitree/go2_digital_twin/install/go2/lib/pkgconfig/go2.pc'
[2.884s] Level 1:colcon.colcon_core.environment:checking '/home/unitree/go2_digital_twin/install/go2/lib/python3.8/site-packages'
[2.884s] Level 1:colcon.colcon_core.shell:create_environment_hook('go2', 'pythonpath')
[2.885s] INFO:colcon.colcon_core.shell:Creating environment hook '/home/unitree/go2_digital_twin/install/go2/share/go2/hook/pythonpath.ps1'
[2.888s] INFO:colcon.colcon_core.shell:Creating environment descriptor '/home/unitree/go2_digital_twin/install/go2/share/go2/hook/pythonpath.dsv'
[2.889s] INFO:colcon.colcon_core.shell:Creating environment hook '/home/unitree/go2_digital_twin/install/go2/share/go2/hook/pythonpath.sh'
[2.892s] Level 1:colcon.colcon_core.environment:checking '/home/unitree/go2_digital_twin/install/go2/bin'
[2.892s] Level 1:colcon.colcon_core.environment:create_environment_scripts_only(go2)
[2.893s] INFO:colcon.colcon_core.shell:Creating package script '/home/unitree/go2_digital_twin/install/go2/share/go2/package.ps1'
[2.896s] INFO:colcon.colcon_core.shell:Creating package descriptor '/home/unitree/go2_digital_twin/install/go2/share/go2/package.dsv'
[2.897s] INFO:colcon.colcon_core.shell:Creating package script '/home/unitree/go2_digital_twin/install/go2/share/go2/package.sh'
[2.900s] INFO:colcon.colcon_core.shell:Creating package script '/home/unitree/go2_digital_twin/install/go2/share/go2/package.bash'
[2.902s] INFO:colcon.colcon_core.shell:Creating package script '/home/unitree/go2_digital_twin/install/go2/share/go2/package.zsh'
[2.904s] Level 1:colcon.colcon_core.environment:create_file_with_runtime_dependencies(/home/unitree/go2_digital_twin/install/go2/share/colcon-core/packages/go2)
[2.905s] DEBUG:colcon.colcon_parallel_executor.executor.parallel:closing loop
[2.906s] DEBUG:colcon.colcon_parallel_executor.executor.parallel:loop closed
[2.906s] DEBUG:colcon.colcon_parallel_executor.executor.parallel:run_until_complete finished with '0'
[2.907s] DEBUG:colcon.colcon_core.event_reactor:joining thread
[2.920s] INFO:colcon.colcon_core.plugin_system:Skipping extension 'colcon_notification.desktop_notification.terminal_notifier': Not used on non-Darwin systems
[2.921s] INFO:colcon.colcon_core.plugin_system:Skipping extension 'colcon_notification.desktop_notification.win32': Not used on non-Windows systems
[2.921s] INFO:colcon.colcon_notification.desktop_notification:Sending desktop notification using 'notify2'
[2.958s] DEBUG:colcon.colcon_core.event_reactor:joined thread
[2.959s] INFO:colcon.colcon_core.shell:Creating prefix script '/home/unitree/go2_digital_twin/install/local_setup.ps1'
[2.963s] INFO:colcon.colcon_core.shell:Creating prefix util module '/home/unitree/go2_digital_twin/install/_local_setup_util_ps1.py'
[2.967s] INFO:colcon.colcon_core.shell:Creating prefix chain script '/home/unitree/go2_digital_twin/install/setup.ps1'
[2.971s] INFO:colcon.colcon_core.shell:Creating prefix script '/home/unitree/go2_digital_twin/install/local_setup.sh'
[2.972s] INFO:colcon.colcon_core.shell:Creating prefix util module '/home/unitree/go2_digital_twin/install/_local_setup_util_sh.py'
[2.974s] INFO:colcon.colcon_core.shell:Creating prefix chain script '/home/unitree/go2_digital_twin/install/setup.sh'
[2.978s] INFO:colcon.colcon_core.shell:Creating prefix script '/home/unitree/go2_digital_twin/install/local_setup.bash'
[2.979s] INFO:colcon.colcon_core.shell:Creating prefix chain script '/home/unitree/go2_digital_twin/install/setup.bash'
[2.983s] INFO:colcon.colcon_core.shell:Creating prefix script '/home/unitree/go2_digital_twin/install/local_setup.zsh'
[2.984s] INFO:colcon.colcon_core.shell:Creating prefix chain script '/home/unitree/go2_digital_twin/install/setup.zsh'
